2025-04-29 14:05:50,995 - httpx - INFO - HTTP Request: GET https://73e9e4e2-a9ce-4aa8-ae1d-fac6e5660e33.us-west-2-0.aws.cloud.qdrant.io:6333 "HTTP/1.1 200 OK"
2025-04-29 14:05:53,129 - httpx - INFO - HTTP Request: GET https://73e9e4e2-a9ce-4aa8-ae1d-fac6e5660e33.us-west-2-0.aws.cloud.qdrant.io:6333/collections "HTTP/1.1 200 OK"
2025-04-29 14:05:53,316 - httpx - INFO - HTTP Request: GET https://73e9e4e2-a9ce-4aa8-ae1d-fac6e5660e33.us-west-2-0.aws.cloud.qdrant.io:6333/collections/manual-text "HTTP/1.1 200 OK"
2025-04-29 14:05:53,499 - httpx - INFO - HTTP Request: GET https://73e9e4e2-a9ce-4aa8-ae1d-fac6e5660e33.us-west-2-0.aws.cloud.qdrant.io:6333/collections/manual-text "HTTP/1.1 200 OK"
2025-04-29 14:06:04,593 - httpx - INFO - HTTP Request: POST https://api.x.ai/v1/chat/completions "HTTP/1.1 200 OK"
2025-04-29 14:06:05,679 - httpx - INFO - HTTP Request: POST https://73e9e4e2-a9ce-4aa8-ae1d-fac6e5660e33.us-west-2-0.aws.cloud.qdrant.io:6333/collections/manual-text/points/query "HTTP/1.1 200 OK"
2025-04-29 14:06:05,680 - rag - INFO - Retrieved document: source=https://www.maxwellgeosystems.com/manuals/demo-manual/manual-web-content-highlight.php?manual_id=55, videos=[{'url': 'https://www.youtube.com/watch?v=cmMoBIWyQt8', 'title': 'How To: Configure A Project in MissionOS'}, {'url': 'https://www.youtube.com/watch?v=gcZKN_JiDYk', 'title': 'Shorts 1 - Introduction to Interface'}, {'url': 'https://www.youtube.com/watch?v=hvWbD7Z2LrM', 'title': 'Shorts 2 - Update Project Configuration'}]
2025-04-29 14:06:05,680 - rag - INFO - Retrieved document: source=https://www.maxwellgeosystems.com/manuals/demo-manual/manual-web-content-highlight.php?manual_id=55, videos=[{'url': 'https://www.youtube.com/watch?v=cmMoBIWyQt8', 'title': 'How To: Configure A Project in MissionOS'}, {'url': 'https://www.youtube.com/watch?v=gcZKN_JiDYk', 'title': 'Shorts 1 - Introduction to Interface'}, {'url': 'https://www.youtube.com/watch?v=hvWbD7Z2LrM', 'title': 'Shorts 2 - Update Project Configuration'}]
2025-04-29 14:06:05,680 - rag - INFO - Retrieved document: source=https://www.maxwellgeosystems.com/manuals/demo-manual/manual-web-content-highlight.php?manual_id=55, videos=[{'url': 'https://www.youtube.com/watch?v=cmMoBIWyQt8', 'title': 'How To: Configure A Project in MissionOS'}, {'url': 'https://www.youtube.com/watch?v=gcZKN_JiDYk', 'title': 'Shorts 1 - Introduction to Interface'}, {'url': 'https://www.youtube.com/watch?v=hvWbD7Z2LrM', 'title': 'Shorts 2 - Update Project Configuration'}]
2025-04-29 14:06:05,680 - rag - INFO - Retrieved document: source=https://www.maxwellgeosystems.com/manuals/demo-manual/manual-web-content-highlight.php?manual_id=47, videos=[{'url': 'https://www.youtube.com/watch?v=H_cTgnXqkFQ', 'title': 'How To: Create Object Type Permissions'}, {'url': 'https://www.youtube.com/watch?v=POkNZPtGrQU', 'title': 'Shorts 1 - How to access Permission Tags'}, {'url': 'https://www.youtube.com/watch?v=Ffliy0elSdM', 'title': 'Shorts 2 - How to edit a Permission Tag'}]
2025-04-29 14:06:06,490 - rag - INFO - retrieve: Returning videos: [{'url': 'https://www.youtube.com/watch?v=POkNZPtGrQU', 'title': 'Shorts 1 - How to access Permission Tags'}, {'url': 'https://www.youtube.com/watch?v=H_cTgnXqkFQ', 'title': 'How To: Create Object Type Permissions'}, {'url': 'https://www.youtube.com/watch?v=Ffliy0elSdM', 'title': 'Shorts 2 - How to edit a Permission Tag'}, {'url': 'https://www.youtube.com/watch?v=gcZKN_JiDYk', 'title': 'Shorts 1 - Introduction to Interface'}, {'url': 'https://www.youtube.com/watch?v=hvWbD7Z2LrM', 'title': 'Shorts 2 - Update Project Configuration'}, {'url': 'https://www.youtube.com/watch?v=cmMoBIWyQt8', 'title': 'How To: Configure A Project in MissionOS'}]
2025-04-29 14:06:06,492 - rag - INFO - Extracted query from st.session_state.messages: How do I set-up a project?
2025-04-29 14:06:06,493 - rag - INFO - Retrieved chunk 1: Qdrant Point ID=3fcb3464-d7f4-48e6-a8d1-15a313384099, URL=https://www.maxwellgeosystems.com/manuals/demo-manual/manual-web-content-highlight.php?manual_id=55, Videos=[{'url': 'https://www.youtube.com/watch?v=POkNZPtGrQU', 'title': 'Shorts 1 - How to access Permission Tags'}, {'url': 'https://www.youtube.com/watch?v=H_cTgnXqkFQ', 'title': 'How To: Create Object Type Permissions'}, {'url': 'https://www.youtube.com/watch?v=Ffliy0elSdM', 'title': 'Shorts 2 - How to edit a Permission Tag'}, {'url': 'https://www.youtube.com/watch?v=gcZKN_JiDYk', 'title': 'Shorts 1 - Introduction to Interface'}, {'url': 'https://www.youtube.com/watch?v=hvWbD7Z2LrM', 'title': 'Shorts 2 - Update Project Configuration'}, {'url': 'https://www.youtube.com/watch?v=cmMoBIWyQt8', 'title': 'How To: Configure A Project in MissionOS'}], Text preview=Version:MissionOS_2.0 How do you configure a new project? If you want to configure a new project in MissionOS, first log into the application using the portal URL, Username and Password. To configure your project, click open the Data Manager . ![image:db://images/12680](db://images/12680) Figure 1: Click open Data Manager In the Data Manager page, you can access Admin > Setup > Project from the navigation pane, where you can set up project details...
2025-04-29 14:06:06,493 - rag - INFO - Retrieved chunk 2: Qdrant Point ID=2eb443a6-9221-463e-aa06-6f21e13bc0c4, URL=https://www.maxwellgeosystems.com/manuals/demo-manual/manual-web-content-highlight.php?manual_id=55, Videos=[{'url': 'https://www.youtube.com/watch?v=POkNZPtGrQU', 'title': 'Shorts 1 - How to access Permission Tags'}, {'url': 'https://www.youtube.com/watch?v=H_cTgnXqkFQ', 'title': 'How To: Create Object Type Permissions'}, {'url': 'https://www.youtube.com/watch?v=Ffliy0elSdM', 'title': 'Shorts 2 - How to edit a Permission Tag'}, {'url': 'https://www.youtube.com/watch?v=gcZKN_JiDYk', 'title': 'Shorts 1 - Introduction to Interface'}, {'url': 'https://www.youtube.com/watch?v=hvWbD7Z2LrM', 'title': 'Shorts 2 - Update Project Configuration'}, {'url': 'https://www.youtube.com/watch?v=cmMoBIWyQt8', 'title': 'How To: Configure A Project in MissionOS'}], Text preview=? If you want to configure a new project in MissionOS, first log into the application using the portal URL, Username and Password...
2025-04-29 14:06:06,493 - rag - INFO - Retrieved chunk 3: Qdrant Point ID=a074cd6d-226a-4e39-b450-6352ec887143, URL=https://www.maxwellgeosystems.com/manuals/demo-manual/manual-web-content-highlight.php?manual_id=55, Videos=[{'url': 'https://www.youtube.com/watch?v=POkNZPtGrQU', 'title': 'Shorts 1 - How to access Permission Tags'}, {'url': 'https://www.youtube.com/watch?v=H_cTgnXqkFQ', 'title': 'How To: Create Object Type Permissions'}, {'url': 'https://www.youtube.com/watch?v=Ffliy0elSdM', 'title': 'Shorts 2 - How to edit a Permission Tag'}, {'url': 'https://www.youtube.com/watch?v=gcZKN_JiDYk', 'title': 'Shorts 1 - Introduction to Interface'}, {'url': 'https://www.youtube.com/watch?v=hvWbD7Z2LrM', 'title': 'Shorts 2 - Update Project Configuration'}, {'url': 'https://www.youtube.com/watch?v=cmMoBIWyQt8', 'title': 'How To: Configure A Project in MissionOS'}], Text preview=Version:MissionOS_2.0 How do you configure a new project...
2025-04-29 14:06:06,493 - rag - INFO - Retrieved chunk 4: Qdrant Point ID=66c12369-f0cf-4219-a9e0-a806b0801e07, URL=https://www.maxwellgeosystems.com/manuals/demo-manual/manual-web-content-highlight.php?manual_id=47, Videos=[{'url': 'https://www.youtube.com/watch?v=POkNZPtGrQU', 'title': 'Shorts 1 - How to access Permission Tags'}, {'url': 'https://www.youtube.com/watch?v=H_cTgnXqkFQ', 'title': 'How To: Create Object Type Permissions'}, {'url': 'https://www.youtube.com/watch?v=Ffliy0elSdM', 'title': 'Shorts 2 - How to edit a Permission Tag'}, {'url': 'https://www.youtube.com/watch?v=gcZKN_JiDYk', 'title': 'Shorts 1 - Introduction to Interface'}, {'url': 'https://www.youtube.com/watch?v=hvWbD7Z2LrM', 'title': 'Shorts 2 - Update Project Configuration'}, {'url': 'https://www.youtube.com/watch?v=cmMoBIWyQt8', 'title': 'How To: Configure A Project in MissionOS'}], Text preview=Version:MissionOS_2.0 Admin > Setup > Permissions Once you configure the new project, and hierarchy, the next step is to setup Permissions...
2025-04-29 14:06:06,494 - rag - INFO - Successfully wrote 4 chunks to retrieved_chunks.csv
2025-04-29 14:06:14,895 - httpx - INFO - HTTP Request: POST https://api.x.ai/v1/chat/completions "HTTP/1.1 200 OK"
2025-04-29 14:06:15,017 - ui - INFO - Rendering videos: [{'url': 'https://www.youtube.com/watch?v=POkNZPtGrQU', 'title': 'Shorts 1 - How to access Permission Tags'}, {'url': 'https://www.youtube.com/watch?v=H_cTgnXqkFQ', 'title': 'How To: Create Object Type Permissions'}, {'url': 'https://www.youtube.com/watch?v=Ffliy0elSdM', 'title': 'Shorts 2 - How to edit a Permission Tag'}, {'url': 'https://www.youtube.com/watch?v=gcZKN_JiDYk', 'title': 'Shorts 1 - Introduction to Interface'}, {'url': 'https://www.youtube.com/watch?v=hvWbD7Z2LrM', 'title': 'Shorts 2 - Update Project Configuration'}, {'url': 'https://www.youtube.com/watch?v=cmMoBIWyQt8', 'title': 'How To: Configure A Project in MissionOS'}]
2025-04-29 14:12:09,956 - ui - INFO - Rendering videos: [{'url': 'https://www.youtube.com/watch?v=POkNZPtGrQU', 'title': 'Shorts 1 - How to access Permission Tags'}, {'url': 'https://www.youtube.com/watch?v=H_cTgnXqkFQ', 'title': 'How To: Create Object Type Permissions'}, {'url': 'https://www.youtube.com/watch?v=Ffliy0elSdM', 'title': 'Shorts 2 - How to edit a Permission Tag'}, {'url': 'https://www.youtube.com/watch?v=gcZKN_JiDYk', 'title': 'Shorts 1 - Introduction to Interface'}, {'url': 'https://www.youtube.com/watch?v=hvWbD7Z2LrM', 'title': 'Shorts 2 - Update Project Configuration'}, {'url': 'https://www.youtube.com/watch?v=cmMoBIWyQt8', 'title': 'How To: Configure A Project in MissionOS'}]
2025-04-29 14:23:33,577 - database - INFO - Processing 153 documents
2025-04-29 14:23:33,814 - database - INFO - Created 550 chunks/documents
2025-04-29 14:23:35,319 - httpx - INFO - HTTP Request: GET https://73e9e4e2-a9ce-4aa8-ae1d-fac6e5660e33.us-west-2-0.aws.cloud.qdrant.io:6333/collections/manual-text "HTTP/1.1 200 OK"
2025-04-29 14:23:39,990 - httpx - INFO - HTTP Request: PUT https://73e9e4e2-a9ce-4aa8-ae1d-fac6e5660e33.us-west-2-0.aws.cloud.qdrant.io:6333/collections/manual-text/points?wait=true "HTTP/1.1 200 OK"
2025-04-29 14:23:43,361 - httpx - INFO - HTTP Request: PUT https://73e9e4e2-a9ce-4aa8-ae1d-fac6e5660e33.us-west-2-0.aws.cloud.qdrant.io:6333/collections/manual-text/points?wait=true "HTTP/1.1 200 OK"
2025-04-29 14:23:45,499 - httpx - INFO - HTTP Request: PUT https://73e9e4e2-a9ce-4aa8-ae1d-fac6e5660e33.us-west-2-0.aws.cloud.qdrant.io:6333/collections/manual-text/points?wait=true "HTTP/1.1 200 OK"
2025-04-29 14:23:46,657 - httpx - INFO - HTTP Request: PUT https://73e9e4e2-a9ce-4aa8-ae1d-fac6e5660e33.us-west-2-0.aws.cloud.qdrant.io:6333/collections/manual-text/points?wait=true "HTTP/1.1 200 OK"
2025-04-29 14:23:48,539 - httpx - INFO - HTTP Request: PUT https://73e9e4e2-a9ce-4aa8-ae1d-fac6e5660e33.us-west-2-0.aws.cloud.qdrant.io:6333/collections/manual-text/points?wait=true "HTTP/1.1 200 OK"
2025-04-29 14:23:49,803 - httpx - INFO - HTTP Request: PUT https://73e9e4e2-a9ce-4aa8-ae1d-fac6e5660e33.us-west-2-0.aws.cloud.qdrant.io:6333/collections/manual-text/points?wait=true "HTTP/1.1 200 OK"
2025-04-29 14:23:50,736 - httpx - INFO - HTTP Request: PUT https://73e9e4e2-a9ce-4aa8-ae1d-fac6e5660e33.us-west-2-0.aws.cloud.qdrant.io:6333/collections/manual-text/points?wait=true "HTTP/1.1 200 OK"
2025-04-29 14:23:51,555 - httpx - INFO - HTTP Request: PUT https://73e9e4e2-a9ce-4aa8-ae1d-fac6e5660e33.us-west-2-0.aws.cloud.qdrant.io:6333/collections/manual-text/points?wait=true "HTTP/1.1 200 OK"
2025-04-29 14:23:52,426 - httpx - INFO - HTTP Request: PUT https://73e9e4e2-a9ce-4aa8-ae1d-fac6e5660e33.us-west-2-0.aws.cloud.qdrant.io:6333/collections/manual-text/points?wait=true "HTTP/1.1 200 OK"
2025-04-29 14:23:52,547 - ui - INFO - Rendering videos: [{'url': 'https://www.youtube.com/watch?v=POkNZPtGrQU', 'title': 'Shorts 1 - How to access Permission Tags'}, {'url': 'https://www.youtube.com/watch?v=H_cTgnXqkFQ', 'title': 'How To: Create Object Type Permissions'}, {'url': 'https://www.youtube.com/watch?v=Ffliy0elSdM', 'title': 'Shorts 2 - How to edit a Permission Tag'}, {'url': 'https://www.youtube.com/watch?v=gcZKN_JiDYk', 'title': 'Shorts 1 - Introduction to Interface'}, {'url': 'https://www.youtube.com/watch?v=hvWbD7Z2LrM', 'title': 'Shorts 2 - Update Project Configuration'}, {'url': 'https://www.youtube.com/watch?v=cmMoBIWyQt8', 'title': 'How To: Configure A Project in MissionOS'}]
2025-04-29 14:40:04,882 - httpx - INFO - HTTP Request: GET https://73e9e4e2-a9ce-4aa8-ae1d-fac6e5660e33.us-west-2-0.aws.cloud.qdrant.io:6333 "HTTP/1.1 200 OK"
2025-04-29 14:40:05,370 - ui - INFO - Rendering videos: [{'url': 'https://www.youtube.com/watch?v=POkNZPtGrQU', 'title': 'Shorts 1 - How to access Permission Tags'}, {'url': 'https://www.youtube.com/watch?v=H_cTgnXqkFQ', 'title': 'How To: Create Object Type Permissions'}, {'url': 'https://www.youtube.com/watch?v=Ffliy0elSdM', 'title': 'Shorts 2 - How to edit a Permission Tag'}, {'url': 'https://www.youtube.com/watch?v=gcZKN_JiDYk', 'title': 'Shorts 1 - Introduction to Interface'}, {'url': 'https://www.youtube.com/watch?v=hvWbD7Z2LrM', 'title': 'Shorts 2 - Update Project Configuration'}, {'url': 'https://www.youtube.com/watch?v=cmMoBIWyQt8', 'title': 'How To: Configure A Project in MissionOS'}]
2025-04-29 14:42:45,484 - database - INFO - Processing 153 documents
2025-04-29 14:42:45,707 - database - INFO - Created 550 chunks/documents
2025-04-29 14:42:47,299 - httpx - INFO - HTTP Request: DELETE https://73e9e4e2-a9ce-4aa8-ae1d-fac6e5660e33.us-west-2-0.aws.cloud.qdrant.io:6333/collections/manual-text "HTTP/1.1 200 OK"
2025-04-29 14:42:47,962 - httpx - INFO - HTTP Request: PUT https://73e9e4e2-a9ce-4aa8-ae1d-fac6e5660e33.us-west-2-0.aws.cloud.qdrant.io:6333/collections/manual-text "HTTP/1.1 200 OK"
2025-04-29 14:45:28,705 - database - INFO - Processing 153 documents
2025-04-29 14:45:28,922 - database - INFO - Created 545 chunks/documents
2025-04-29 14:45:32,601 - httpx - INFO - HTTP Request: PUT https://73e9e4e2-a9ce-4aa8-ae1d-fac6e5660e33.us-west-2-0.aws.cloud.qdrant.io:6333/collections/manual-text/points?wait=true "HTTP/1.1 200 OK"
2025-04-29 14:45:34,960 - httpx - INFO - HTTP Request: PUT https://73e9e4e2-a9ce-4aa8-ae1d-fac6e5660e33.us-west-2-0.aws.cloud.qdrant.io:6333/collections/manual-text/points?wait=true "HTTP/1.1 200 OK"
2025-04-29 14:45:36,181 - httpx - INFO - HTTP Request: PUT https://73e9e4e2-a9ce-4aa8-ae1d-fac6e5660e33.us-west-2-0.aws.cloud.qdrant.io:6333/collections/manual-text/points?wait=true "HTTP/1.1 200 OK"
2025-04-29 14:45:37,655 - httpx - INFO - HTTP Request: PUT https://73e9e4e2-a9ce-4aa8-ae1d-fac6e5660e33.us-west-2-0.aws.cloud.qdrant.io:6333/collections/manual-text/points?wait=true "HTTP/1.1 200 OK"
2025-04-29 14:45:39,594 - httpx - INFO - HTTP Request: PUT https://73e9e4e2-a9ce-4aa8-ae1d-fac6e5660e33.us-west-2-0.aws.cloud.qdrant.io:6333/collections/manual-text/points?wait=true "HTTP/1.1 200 OK"
2025-04-29 14:45:40,748 - httpx - INFO - HTTP Request: PUT https://73e9e4e2-a9ce-4aa8-ae1d-fac6e5660e33.us-west-2-0.aws.cloud.qdrant.io:6333/collections/manual-text/points?wait=true "HTTP/1.1 200 OK"
2025-04-29 14:45:41,897 - httpx - INFO - HTTP Request: PUT https://73e9e4e2-a9ce-4aa8-ae1d-fac6e5660e33.us-west-2-0.aws.cloud.qdrant.io:6333/collections/manual-text/points?wait=true "HTTP/1.1 200 OK"
2025-04-29 14:45:42,842 - httpx - INFO - HTTP Request: PUT https://73e9e4e2-a9ce-4aa8-ae1d-fac6e5660e33.us-west-2-0.aws.cloud.qdrant.io:6333/collections/manual-text/points?wait=true "HTTP/1.1 200 OK"
2025-04-29 14:45:44,096 - httpx - INFO - HTTP Request: PUT https://73e9e4e2-a9ce-4aa8-ae1d-fac6e5660e33.us-west-2-0.aws.cloud.qdrant.io:6333/collections/manual-text/points?wait=true "HTTP/1.1 200 OK"
2025-04-29 14:45:44,662 - httpx - INFO - HTTP Request: GET https://73e9e4e2-a9ce-4aa8-ae1d-fac6e5660e33.us-west-2-0.aws.cloud.qdrant.io:6333/collections/manual-text "HTTP/1.1 200 OK"
2025-04-29 14:45:49,957 - httpx - INFO - HTTP Request: PUT https://73e9e4e2-a9ce-4aa8-ae1d-fac6e5660e33.us-west-2-0.aws.cloud.qdrant.io:6333/collections/manual-text/points?wait=true "HTTP/1.1 200 OK"
2025-04-29 14:45:53,588 - httpx - INFO - HTTP Request: PUT https://73e9e4e2-a9ce-4aa8-ae1d-fac6e5660e33.us-west-2-0.aws.cloud.qdrant.io:6333/collections/manual-text/points?wait=true "HTTP/1.1 200 OK"
2025-04-29 14:45:56,295 - httpx - INFO - HTTP Request: PUT https://73e9e4e2-a9ce-4aa8-ae1d-fac6e5660e33.us-west-2-0.aws.cloud.qdrant.io:6333/collections/manual-text/points?wait=true "HTTP/1.1 200 OK"
2025-04-29 14:45:57,118 - httpx - INFO - HTTP Request: PUT https://73e9e4e2-a9ce-4aa8-ae1d-fac6e5660e33.us-west-2-0.aws.cloud.qdrant.io:6333/collections/manual-text/points?wait=true "HTTP/1.1 200 OK"
2025-04-29 14:45:59,343 - httpx - INFO - HTTP Request: PUT https://73e9e4e2-a9ce-4aa8-ae1d-fac6e5660e33.us-west-2-0.aws.cloud.qdrant.io:6333/collections/manual-text/points?wait=true "HTTP/1.1 200 OK"
2025-04-29 14:46:00,136 - httpx - INFO - HTTP Request: PUT https://73e9e4e2-a9ce-4aa8-ae1d-fac6e5660e33.us-west-2-0.aws.cloud.qdrant.io:6333/collections/manual-text/points?wait=true "HTTP/1.1 200 OK"
2025-04-29 14:46:01,382 - httpx - INFO - HTTP Request: PUT https://73e9e4e2-a9ce-4aa8-ae1d-fac6e5660e33.us-west-2-0.aws.cloud.qdrant.io:6333/collections/manual-text/points?wait=true "HTTP/1.1 200 OK"
2025-04-29 14:46:02,226 - httpx - INFO - HTTP Request: PUT https://73e9e4e2-a9ce-4aa8-ae1d-fac6e5660e33.us-west-2-0.aws.cloud.qdrant.io:6333/collections/manual-text/points?wait=true "HTTP/1.1 200 OK"
2025-04-29 14:46:03,029 - httpx - INFO - HTTP Request: PUT https://73e9e4e2-a9ce-4aa8-ae1d-fac6e5660e33.us-west-2-0.aws.cloud.qdrant.io:6333/collections/manual-text/points?wait=true "HTTP/1.1 200 OK"
2025-04-29 14:46:03,167 - ui - INFO - Rendering videos: [{'url': 'https://www.youtube.com/watch?v=POkNZPtGrQU', 'title': 'Shorts 1 - How to access Permission Tags'}, {'url': 'https://www.youtube.com/watch?v=H_cTgnXqkFQ', 'title': 'How To: Create Object Type Permissions'}, {'url': 'https://www.youtube.com/watch?v=Ffliy0elSdM', 'title': 'Shorts 2 - How to edit a Permission Tag'}, {'url': 'https://www.youtube.com/watch?v=gcZKN_JiDYk', 'title': 'Shorts 1 - Introduction to Interface'}, {'url': 'https://www.youtube.com/watch?v=hvWbD7Z2LrM', 'title': 'Shorts 2 - Update Project Configuration'}, {'url': 'https://www.youtube.com/watch?v=cmMoBIWyQt8', 'title': 'How To: Configure A Project in MissionOS'}]
2025-04-29 14:46:26,571 - httpx - INFO - HTTP Request: GET https://73e9e4e2-a9ce-4aa8-ae1d-fac6e5660e33.us-west-2-0.aws.cloud.qdrant.io:6333 "HTTP/1.1 200 OK"
2025-04-29 14:46:28,330 - httpx - INFO - HTTP Request: DELETE https://73e9e4e2-a9ce-4aa8-ae1d-fac6e5660e33.us-west-2-0.aws.cloud.qdrant.io:6333/collections/manual-text "HTTP/1.1 200 OK"
2025-04-29 14:46:28,994 - httpx - INFO - HTTP Request: PUT https://73e9e4e2-a9ce-4aa8-ae1d-fac6e5660e33.us-west-2-0.aws.cloud.qdrant.io:6333/collections/manual-text "HTTP/1.1 200 OK"
2025-04-29 14:49:08,888 - database - INFO - Processing 153 documents
2025-04-29 14:49:09,118 - database - INFO - Created 545 chunks/documents
2025-04-29 14:49:11,658 - httpx - INFO - HTTP Request: PUT https://73e9e4e2-a9ce-4aa8-ae1d-fac6e5660e33.us-west-2-0.aws.cloud.qdrant.io:6333/collections/manual-text/points?wait=true "HTTP/1.1 200 OK"
2025-04-29 14:49:12,708 - httpx - INFO - HTTP Request: PUT https://73e9e4e2-a9ce-4aa8-ae1d-fac6e5660e33.us-west-2-0.aws.cloud.qdrant.io:6333/collections/manual-text/points?wait=true "HTTP/1.1 200 OK"
2025-04-29 14:49:13,536 - httpx - INFO - HTTP Request: PUT https://73e9e4e2-a9ce-4aa8-ae1d-fac6e5660e33.us-west-2-0.aws.cloud.qdrant.io:6333/collections/manual-text/points?wait=true "HTTP/1.1 200 OK"
2025-04-29 14:49:14,566 - httpx - INFO - HTTP Request: PUT https://73e9e4e2-a9ce-4aa8-ae1d-fac6e5660e33.us-west-2-0.aws.cloud.qdrant.io:6333/collections/manual-text/points?wait=true "HTTP/1.1 200 OK"
2025-04-29 14:49:16,281 - httpx - INFO - HTTP Request: PUT https://73e9e4e2-a9ce-4aa8-ae1d-fac6e5660e33.us-west-2-0.aws.cloud.qdrant.io:6333/collections/manual-text/points?wait=true "HTTP/1.1 200 OK"
2025-04-29 14:49:17,321 - httpx - INFO - HTTP Request: PUT https://73e9e4e2-a9ce-4aa8-ae1d-fac6e5660e33.us-west-2-0.aws.cloud.qdrant.io:6333/collections/manual-text/points?wait=true "HTTP/1.1 200 OK"
2025-04-29 14:49:18,188 - httpx - INFO - HTTP Request: PUT https://73e9e4e2-a9ce-4aa8-ae1d-fac6e5660e33.us-west-2-0.aws.cloud.qdrant.io:6333/collections/manual-text/points?wait=true "HTTP/1.1 200 OK"
2025-04-29 14:49:19,059 - httpx - INFO - HTTP Request: PUT https://73e9e4e2-a9ce-4aa8-ae1d-fac6e5660e33.us-west-2-0.aws.cloud.qdrant.io:6333/collections/manual-text/points?wait=true "HTTP/1.1 200 OK"
2025-04-29 14:49:19,967 - httpx - INFO - HTTP Request: PUT https://73e9e4e2-a9ce-4aa8-ae1d-fac6e5660e33.us-west-2-0.aws.cloud.qdrant.io:6333/collections/manual-text/points?wait=true "HTTP/1.1 200 OK"
2025-04-29 14:49:20,514 - httpx - INFO - HTTP Request: GET https://73e9e4e2-a9ce-4aa8-ae1d-fac6e5660e33.us-west-2-0.aws.cloud.qdrant.io:6333/collections/manual-text "HTTP/1.1 200 OK"
2025-04-29 14:49:21,737 - ui - INFO - Rendering videos: [{'url': 'https://www.youtube.com/watch?v=POkNZPtGrQU', 'title': 'Shorts 1 - How to access Permission Tags'}, {'url': 'https://www.youtube.com/watch?v=H_cTgnXqkFQ', 'title': 'How To: Create Object Type Permissions'}, {'url': 'https://www.youtube.com/watch?v=Ffliy0elSdM', 'title': 'Shorts 2 - How to edit a Permission Tag'}, {'url': 'https://www.youtube.com/watch?v=gcZKN_JiDYk', 'title': 'Shorts 1 - Introduction to Interface'}, {'url': 'https://www.youtube.com/watch?v=hvWbD7Z2LrM', 'title': 'Shorts 2 - Update Project Configuration'}, {'url': 'https://www.youtube.com/watch?v=cmMoBIWyQt8', 'title': 'How To: Configure A Project in MissionOS'}]
